android_claude/core/ui/build/outputs/logs/manifest-merger-release-report.txt
-- Merging decision tree log ---
manifest
ADDED from ProcessLibraryManifest\release\tempAndroidManifest478875153597274883.xml:2:13-83
INJECTED from ProcessLibraryManifest\release\tempAndroidManifest478875153597274883.xml:2:13-83
	package
		INJECTED from ProcessLibraryManifest\release\tempAndroidManifest478875153597274883.xml
	xmlns:android
		ADDED from ProcessLibraryManifest\release\tempAndroidManifest478875153597274883.xml:2:23-81
uses-sdk
INJECTED from ProcessLibraryManifest\release\tempAndroidManifest478875153597274883.xml reason: use-sdk injection requested
INJECTED from ProcessLibraryManifest\release\tempAndroidManifest478875153597274883.xml
INJECTED from ProcessLibraryManifest\release\tempAndroidManifest478875153597274883.xml
	android:targetSdkVersion
		INJECTED from ProcessLibraryManifest\release\tempAndroidManifest478875153597274883.xml
	android:minSdkVersion
		INJECTED from ProcessLibraryManifest\release\tempAndroidManifest478875153597274883.xml